# JRE version: OpenJDK Runtime Environment (17.0.11) (build 17.0.11+0--11852314)
# Java VM: OpenJDK 64-Bit Server VM (17.0.11+0--11852314, mixed mode, tiered, compressed oops, compressed class ptrs, g1 gc, windows-amd64)
GC Precious Log:
 CPUs: 8 total, 8 available
 Memory: 7915M
 Large Page Support: Disabled
 NUMA Support: Disabled
 Compressed Oops: Enabled (32-bit)
 Heap Region Size: 1M
 Heap Min Capacity: 8M
 Heap Initial Capacity: 124M
 Heap Max Capacity: 2G
 Pre-touch: Disabled
 Parallel Workers: 8
 Concurrent Workers: 2
 Concurrent Refinement Workers: 8
 Periodic GC: Disabled
Heap:
 garbage-first heap   total 215040K, used 134295K [0x0000000080000000, 0x0000000100000000)
  region size 1024K, 15 young (15360K), 5 survivors (5120K)
 Metaspace       used 114152K, committed 114944K, reserved 1179648K
  class space    used 15872K, committed 16256K, reserved 1048576K
GC Heap History (20 events):
Event: 51.334 GC heap before
{Heap before GC invocations=66 (full 0):
 garbage-first heap   total 169984K, used 137508K [0x0000000080000000, 0x0000000100000000)
  region size 1024K, 21 young (21504K), 3 survivors (3072K)
 Metaspace       used 108454K, committed 109248K, reserved 1179648K
  class space    used 15044K, committed 15424K, reserved 1048576K
}
Event: 51.338 GC heap after
{Heap after GC invocations=67 (full 0):
 garbage-first heap   total 169984K, used 121134K [0x0000000080000000, 0x0000000100000000)
  region size 1024K, 3 young (3072K), 3 survivors (3072K)
 Metaspace       used 108454K, committed 109248K, reserved 1179648K
  class space    used 15044K, committed 15424K, reserved 1048576K
}
Event: 51.922 GC heap before
{Heap before GC invocations=67 (full 0):
 garbage-first heap   total 169984K, used 138542K [0x0000000080000000, 0x0000000100000000)
  region size 1024K, 21 young (21504K), 3 survivors (3072K)
 Metaspace       used 108688K, committed 109504K, reserved 1179648K
  class space    used 15071K, committed 15488K, reserved 1048576K
}
Event: 51.925 GC heap after
{Heap after GC invocations=68 (full 0):
 garbage-first heap   total 169984K, used 122416K [0x0000000080000000, 0x0000000100000000)
  region size 1024K, 3 young (3072K), 3 survivors (3072K)
 Metaspace       used 108688K, committed 109504K, reserved 1179648K
  class space    used 15071K, committed 15488K, reserved 1048576K
}
Event: 52.359 GC heap before
{Heap before GC invocations=68 (full 0):
 garbage-first heap   total 169984K, used 139824K [0x0000000080000000, 0x0000000100000000)
  region size 1024K, 21 young (21504K), 3 survivors (3072K)
 Metaspace       used 108792K, committed 109568K, reserved 1179648K
  class space    used 15082K, committed 15488K, reserved 1048576K
}
Event: 52.362 GC heap after
{Heap after GC invocations=69 (full 0):
 garbage-first heap   total 169984K, used 123489K [0x0000000080000000, 0x0000000100000000)
  region size 1024K, 3 young (3072K), 3 survivors (3072K)
 Metaspace       used 108792K, committed 109568K, reserved 1179648K
  class space    used 15082K, committed 15488K, reserved 1048576K
}
Event: 52.688 GC heap before
{Heap before GC invocations=69 (full 0):
 garbage-first heap   total 169984K, used 140897K [0x0000000080000000, 0x0000000100000000)
  region size 1024K, 21 young (21504K), 3 survivors (3072K)
 Metaspace       used 108880K, committed 109696K, reserved 1179648K
  class space    used 15086K, committed 15488K, reserved 1048576K
}
Event: 52.692 GC heap after
{Heap after GC invocations=70 (full 0):
 garbage-first heap   total 169984K, used 124587K [0x0000000080000000, 0x0000000100000000)
  region size 1024K, 3 young (3072K), 3 survivors (3072K)
 Metaspace       used 108880K, committed 109696K, reserved 1179648K
  class space    used 15086K, committed 15488K, reserved 1048576K
}
Event: 52.955 GC heap before
{Heap before GC invocations=70 (full 0):
 garbage-first heap   total 169984K, used 140971K [0x0000000080000000, 0x0000000100000000)
  region size 1024K, 20 young (20480K), 3 survivors (3072K)
 Metaspace       used 109023K, committed 109824K, reserved 1179648K
  class space    used 15110K, committed 15488K, reserved 1048576K
}
Event: 52.958 GC heap after
{Heap after GC invocations=71 (full 0):
 garbage-first heap   total 169984K, used 125902K [0x0000000080000000, 0x0000000100000000)
  region size 1024K, 3 young (3072K), 3 survivors (3072K)
 Metaspace       used 109023K, committed 109824K, reserved 1179648K
  class space    used 15110K, committed 15488K, reserved 1048576K
}
Event: 53.196 GC heap before
{Heap before GC invocations=71 (full 0):
 garbage-first heap   total 169984K, used 141262K [0x0000000080000000, 0x0000000100000000)
  region size 1024K, 20 young (20480K), 3 survivors (3072K)
 Metaspace       used 109312K, committed 110080K, reserved 1179648K
  class space    used 15169K, committed 15552K, reserved 1048576K
}
Event: 53.201 GC heap after
{Heap after GC invocations=72 (full 0):
 garbage-first heap   total 169984K, used 126809K [0x0000000080000000, 0x0000000100000000)
  region size 1024K, 3 young (3072K), 3 survivors (3072K)
 Metaspace       used 109312K, committed 110080K, reserved 1179648K
  class space    used 15169K, committed 15552K, reserved 1048576K
}
Event: 53.995 GC heap before
{Heap before GC invocations=73 (full 0):
 garbage-first heap   total 215040K, used 139097K [0x0000000080000000, 0x0000000100000000)
  region size 1024K, 16 young (16384K), 3 survivors (3072K)
 Metaspace       used 109921K, committed 110656K, reserved 1179648K
  class space    used 15268K, committed 15616K, reserved 1048576K
}
Event: 53.999 GC heap after
{Heap after GC invocations=74 (full 0):
 garbage-first heap   total 215040K, used 128031K [0x0000000080000000, 0x0000000100000000)
  region size 1024K, 2 young (2048K), 2 survivors (2048K)
 Metaspace       used 109921K, committed 110656K, reserved 1179648K
  class space    used 15268K, committed 15616K, reserved 1048576K
}
Event: 54.209 GC heap before
{Heap before GC invocations=74 (full 0):
 garbage-first heap   total 215040K, used 135199K [0x0000000080000000, 0x0000000100000000)
  region size 1024K, 10 young (10240K), 2 survivors (2048K)
 Metaspace       used 110649K, committed 111424K, reserved 1179648K
  class space    used 15354K, committed 15744K, reserved 1048576K
}
Event: 54.214 GC heap after
{Heap after GC invocations=75 (full 0):
 garbage-first heap   total 215040K, used 117910K [0x0000000080000000, 0x0000000100000000)
  region size 1024K, 2 young (2048K), 2 survivors (2048K)
 Metaspace       used 110649K, committed 111424K, reserved 1179648K
  class space    used 15354K, committed 15744K, reserved 1048576K
}
Event: 54.815 GC heap before
{Heap before GC invocations=75 (full 0):
 garbage-first heap   total 215040K, used 177302K [0x0000000080000000, 0x0000000100000000)
  region size 1024K, 61 young (62464K), 2 survivors (2048K)
 Metaspace       used 112630K, committed 113536K, reserved 1179648K
  class space    used 15622K, committed 16064K, reserved 1048576K
}
Event: 54.823 GC heap after
{Heap after GC invocations=76 (full 0):
 garbage-first heap   total 215040K, used 123361K [0x0000000080000000, 0x0000000100000000)
  region size 1024K, 8 young (8192K), 8 survivors (8192K)
 Metaspace       used 112630K, committed 113536K, reserved 1179648K
  class space    used 15622K, committed 16064K, reserved 1048576K
}
Event: 55.945 GC heap before
{Heap before GC invocations=76 (full 0):
 garbage-first heap   total 215040K, used 175584K [0x0000000080000000, 0x0000000100000000)
  region size 1024K, 60 young (61440K), 8 survivors (8192K)
 Metaspace       used 113485K, committed 114304K, reserved 1179648K
  class space    used 15759K, committed 16128K, reserved 1048576K
}
Event: 55.951 GC heap after
{Heap after GC invocations=77 (full 0):
 garbage-first heap   total 215040K, used 125079K [0x0000000080000000, 0x0000000100000000)
  region size 1024K, 5 young (5120K), 5 survivors (5120K)
 Metaspace       used 113485K, committed 114304K, reserved 1179648K
  class space    used 15759K, committed 16128K, reserved 1048576K
}

